{"name": "Проверка того, что при создании нового заказа счётчик \"Выполнено за всё время\" увеличивается", "status": "broken", "statusDetails": {"message": "selenium.common.exceptions.TimeoutException: Message: \nStacktrace:\n\tGetHandleVerifier [0x00007FF68D531F52+60322]\n\t(No symbol) [0x00007FF68D4ACEC9]\n\t(No symbol) [0x00007FF68D367EBA]\n\t(No symbol) [0x00007FF68D3B7676]\n\t(No symbol) [0x00007FF68D3B773C]\n\t(No symbol) [0x00007FF68D3FE967]\n\t(No symbol) [0x00007FF68D3DC25F]\n\t(No symbol) [0x00007FF68D3FBC80]\n\t(No symbol) [0x00007FF68D3DBFC3]\n\t(No symbol) [0x00007FF68D3A9617]\n\t(No symbol) [0x00007FF68D3AA211]\n\tGetHandleVerifier [0x00007FF68D8494AD+3301629]\n\tGetHandleVerifier [0x00007FF68D8936D3+3605283]\n\tGetHandleVerifier [0x00007FF68D889450+3563680]\n\tGetHandleVerifier [0x00007FF68D5E4326+790390]\n\t(No symbol) [0x00007FF68D4B750F]\n\t(No symbol) [0x00007FF68D4B3404]\n\t(No symbol) [0x00007FF68D4B3592]\n\t(No symbol) [0x00007FF68D4A2F9F]\n\tBaseThreadInitThunk [0x00007FFB62CD257D+29]\n\tRtlUserThreadStart [0x00007FFB64EEAA48+40]", "trace": "self = <test_order_page.TestOrderPage object at 0x0000026385E70B90>, driver = <selenium.webdriver.chrome.webdriver.WebDriver (session=\"d6530a172659ce7b2048bccecb1440ea\")>\nuser = <Response [200]>\n\n    @allure.title('Проверка того, что при создании нового заказа счётчик \"Выполнено за всё время\" увеличивается')\n    @allure.description(\n        'Создаём в фикстуре тестовый аккаунт, авторизуемся им в тесте, проверяем цифру созданных за всё время заказов. создаём заказ и проверяем, что счётчик \"Выполнено за всё время\" увеличился. После проверки аккаунт удаляется в фикстуре')\n    def test_counter_orders_for_alltime(self, driver, user):\n        home_page = HomePage(driver)\n        auth_page = AuthPage(driver)\n        order_page = OrderPage(driver)\n        home_page.click_login_to_account_button()\n        auth_page.input_email_for_authorization()\n        auth_page.input_password_for_authorization()\n        auth_page.click_login_button()\n        WebDriverWait(driver, 10).until(EC.url_changes('https://stellarburgers.nomoreparties.site/login'))\n        home_page.click_feed_order()\n>       WebDriverWait(driver, 25).until(EC.visibility_of_element_located(OrderPageLocators.ORDER_FEED_HEADING))\n\ntests\\test_order_page.py:67: \n_ _ _ _ _ _ _ _ _ _ _ _ _ _ _ _ _ _ _ _ _ _ _ _ _ _ _ _ _ _ _ _ _ _ _ _ _ _ _ _ _ _ _ _ _ _ _ _ _ _ _ _ _ _ _ _ _ _ _ _ _ _ _ _ _ _ _ _ _ _ _ _ _ _ _ _ _ _ _ _ _ _ _ _ _ _ _ _ _ _ _ _\n\nself = <selenium.webdriver.support.wait.WebDriverWait (session=\"d6530a172659ce7b2048bccecb1440ea\")>\nmethod = <function visibility_of_element_located.<locals>._predicate at 0x0000026386305940>, message = ''\n\n    def until(self, method: Callable[[D], Union[Literal[False], T]], message: str = \"\") -> T:\n        \"\"\"Calls the method provided with the driver as an argument until the \\\n        return value does not evaluate to ``False``.\n    \n        :param method: callable(WebDriver)\n        :param message: optional message for :exc:`TimeoutException`\n        :returns: the result of the last call to `method`\n        :raises: :exc:`selenium.common.exceptions.TimeoutException` if timeout occurs\n        \"\"\"\n        screen = None\n        stacktrace = None\n    \n        end_time = time.monotonic() + self._timeout\n        while True:\n            try:\n                value = method(self._driver)\n                if value:\n                    return value\n            except self._ignored_exceptions as exc:\n                screen = getattr(exc, \"screen\", None)\n                stacktrace = getattr(exc, \"stacktrace\", None)\n            time.sleep(self._poll)\n            if time.monotonic() > end_time:\n                break\n>       raise TimeoutException(message, screen, stacktrace)\nE       selenium.common.exceptions.TimeoutException: Message: \nE       Stacktrace:\nE       \tGetHandleVerifier [0x00007FF68D531F52+60322]\nE       \t(No symbol) [0x00007FF68D4ACEC9]\nE       \t(No symbol) [0x00007FF68D367EBA]\nE       \t(No symbol) [0x00007FF68D3B7676]\nE       \t(No symbol) [0x00007FF68D3B773C]\nE       \t(No symbol) [0x00007FF68D3FE967]\nE       \t(No symbol) [0x00007FF68D3DC25F]\nE       \t(No symbol) [0x00007FF68D3FBC80]\nE       \t(No symbol) [0x00007FF68D3DBFC3]\nE       \t(No symbol) [0x00007FF68D3A9617]\nE       \t(No symbol) [0x00007FF68D3AA211]\nE       \tGetHandleVerifier [0x00007FF68D8494AD+3301629]\nE       \tGetHandleVerifier [0x00007FF68D8936D3+3605283]\nE       \tGetHandleVerifier [0x00007FF68D889450+3563680]\nE       \tGetHandleVerifier [0x00007FF68D5E4326+790390]\nE       \t(No symbol) [0x00007FF68D4B750F]\nE       \t(No symbol) [0x00007FF68D4B3404]\nE       \t(No symbol) [0x00007FF68D4B3592]\nE       \t(No symbol) [0x00007FF68D4A2F9F]\nE       \tBaseThreadInitThunk [0x00007FFB62CD257D+29]\nE       \tRtlUserThreadStart [0x00007FFB64EEAA48+40]\n\n.venv\\Lib\\site-packages\\selenium\\webdriver\\support\\wait.py:105: TimeoutException"}, "description": "Создаём в фикстуре тестовый аккаунт, авторизуемся им в тесте, проверяем цифру созданных за всё время заказов. создаём заказ и проверяем, что счётчик \"Выполнено за всё время\" увеличился. После проверки аккаунт удаляется в фикстуре", "steps": [{"name": "Инициализируем драйвер", "status": "passed", "parameters": [{"name": "driver", "value": "<selenium.webdriver.chrome.webdriver.WebDriver (session=\"d6530a172659ce7b2048bccecb1440ea\")>"}], "start": 1718123748053, "stop": 1718123748053}, {"name": "Инициализируем драйвер", "status": "passed", "parameters": [{"name": "driver", "value": "<selenium.webdriver.chrome.webdriver.WebDriver (session=\"d6530a172659ce7b2048bccecb1440ea\")>"}], "start": 1718123748053, "stop": 1718123748053}, {"name": "Инициализируем драйвер", "status": "passed", "parameters": [{"name": "driver", "value": "<selenium.webdriver.chrome.webdriver.WebDriver (session=\"d6530a172659ce7b2048bccecb1440ea\")>"}], "start": 1718123748053, "stop": 1718123748053}, {"name": "Жмём на кнопку \"Войти в аккаунт\"", "status": "passed", "start": 1718123748053, "stop": 1718123748083}, {"name": "Вводим емейл для авторизации", "status": "passed", "start": 1718123748083, "stop": 1718123748204}, {"name": "Вводим пароль для авторизации", "status": "passed", "start": 1718123748204, "stop": 1718123748292}, {"name": "Жмём кнопку \"Войти\"", "status": "passed", "start": 1718123748292, "stop": 1718123748313}, {"name": "Жмём на кнопку ленты заказов", "status": "passed", "start": 1718123748826, "stop": 1718123748853}], "parameters": [{"name": "driver", "value": "'chrome'"}], "start": 1718123748052, "stop": 1718123773934, "uuid": "9064b087-15c6-4ef9-9bad-68c71a64e744", "historyId": "01af76fc83565ec89346422d8009e186", "testCaseId": "fa74b74caf5bd90ce2242747bdc6b8cf", "fullName": "tests.test_order_page.TestOrderPage#test_counter_orders_for_alltime", "labels": [{"name": "parentSuite", "value": "tests"}, {"name": "suite", "value": "test_order_page"}, {"name": "subSuite", "value": "TestOrderPage"}, {"name": "host", "value": "Kotiki"}, {"name": "thread", "value": "17164-MainThread"}, {"name": "framework", "value": "pytest"}, {"name": "language", "value": "cpython3"}, {"name": "package", "value": "tests.test_order_page"}]}