{"name": "Проверка того, что после оформления заказа его номер появляется в разделе В работе", "status": "broken", "statusDetails": {"message": "selenium.common.exceptions.TimeoutException: Message: \nStacktrace:\n\tGetHandleVerifier [0x00007FF753241F52+60322]\n\t(No symbol) [0x00007FF7531BCEC9]\n\t(No symbol) [0x00007FF753077EBA]\n\t(No symbol) [0x00007FF7530C7676]\n\t(No symbol) [0x00007FF7530C773C]\n\t(No symbol) [0x00007FF75310E967]\n\t(No symbol) [0x00007FF7530EC25F]\n\t(No symbol) [0x00007FF75310BC80]\n\t(No symbol) [0x00007FF7530EBFC3]\n\t(No symbol) [0x00007FF7530B9617]\n\t(No symbol) [0x00007FF7530BA211]\n\tGetHandleVerifier [0x00007FF7535594AD+3301629]\n\tGetHandleVerifier [0x00007FF7535A36D3+3605283]\n\tGetHandleVerifier [0x00007FF753599450+3563680]\n\tGetHandleVerifier [0x00007FF7532F4326+790390]\n\t(No symbol) [0x00007FF7531C750F]\n\t(No symbol) [0x00007FF7531C3404]\n\t(No symbol) [0x00007FF7531C3592]\n\t(No symbol) [0x00007FF7531B2F9F]\n\tBaseThreadInitThunk [0x00007FFB62CD257D+29]\n\tRtlUserThreadStart [0x00007FFB64EEAA48+40]", "trace": "self = <test_order_page.TestOrderPage object at 0x00000206CB815280>, driver = <selenium.webdriver.chrome.webdriver.WebDriver (session=\"7460e2050cb5c04a221e14d22d5d0930\")>\nuser = <Response [200]>\n\n    @allure.title('Проверка того, что после оформления заказа его номер появляется в разделе В работе')\n    @allure.description(\n        'Создаём в фикстуре тестовый аккаунт, авторизуемся им в тесте, создаём заказ и проверяем, что этот заказ появился в рзделе \"В работе\". После проверки аккаунт удаляется в фикстуре')\n    def test_order_in_work(self, driver, user):\n        home_page = HomePage(driver)\n        auth_page = AuthPage(driver)\n        order_page = OrderPage(driver)\n        personal_account = PersonalAccountPage(driver)\n        home_page.click_login_to_account_button()\n        auth_page.input_email_for_authorization()\n        auth_page.input_password_for_authorization()\n        auth_page.click_login_button()\n        WebDriverWait(driver, 10).until(EC.url_changes('https://stellarburgers.nomoreparties.site/login'))\n        home_page.add_ingredient_to_order()\n        home_page.click_create_order_button()\n        WebDriverWait(driver, 10).until(EC.visibility_of_element_located(HomePageLocators.CLOSE_ORDER_POPUP))\n        home_page.close_order_popup()\n        home_page.click_personal_account_button()\n        WebDriverWait(driver, 15).until(EC.visibility_of_element_located(PersovalAccountPageLocators.TITLE_PROFILE))\n        personal_account.click_order_history()\n        WebDriverWait(driver, 10).until(EC.visibility_of_element_located(PersovalAccountPageLocators.ORDER_NUMBER))\n        order_number = personal_account.get_number_order()\n        home_page.click_feed_order()\n>       WebDriverWait(driver, 25).until(EC.visibility_of_element_located(OrderPageLocators.ORDER_FEED_HEADING))\n\ntests\\test_order_page.py:129: \n_ _ _ _ _ _ _ _ _ _ _ _ _ _ _ _ _ _ _ _ _ _ _ _ _ _ _ _ _ _ _ _ _ _ _ _ _ _ _ _ _ _ _ _ _ _ _ _ _ _ _ _ _ _ _ _ _ _ _ _ _ _ _ _ _ _ _ _ _ _ _ _ _ _ _ _ _ _ _ _ _ _ _ _ _ _ _ _ _ _ _ _\n\nself = <selenium.webdriver.support.wait.WebDriverWait (session=\"7460e2050cb5c04a221e14d22d5d0930\")>\nmethod = <function visibility_of_element_located.<locals>._predicate at 0x00000206CBD49300>, message = ''\n\n    def until(self, method: Callable[[D], Union[Literal[False], T]], message: str = \"\") -> T:\n        \"\"\"Calls the method provided with the driver as an argument until the \\\n        return value does not evaluate to ``False``.\n    \n        :param method: callable(WebDriver)\n        :param message: optional message for :exc:`TimeoutException`\n        :returns: the result of the last call to `method`\n        :raises: :exc:`selenium.common.exceptions.TimeoutException` if timeout occurs\n        \"\"\"\n        screen = None\n        stacktrace = None\n    \n        end_time = time.monotonic() + self._timeout\n        while True:\n            try:\n                value = method(self._driver)\n                if value:\n                    return value\n            except self._ignored_exceptions as exc:\n                screen = getattr(exc, \"screen\", None)\n                stacktrace = getattr(exc, \"stacktrace\", None)\n            time.sleep(self._poll)\n            if time.monotonic() > end_time:\n                break\n>       raise TimeoutException(message, screen, stacktrace)\nE       selenium.common.exceptions.TimeoutException: Message: \nE       Stacktrace:\nE       \tGetHandleVerifier [0x00007FF753241F52+60322]\nE       \t(No symbol) [0x00007FF7531BCEC9]\nE       \t(No symbol) [0x00007FF753077EBA]\nE       \t(No symbol) [0x00007FF7530C7676]\nE       \t(No symbol) [0x00007FF7530C773C]\nE       \t(No symbol) [0x00007FF75310E967]\nE       \t(No symbol) [0x00007FF7530EC25F]\nE       \t(No symbol) [0x00007FF75310BC80]\nE       \t(No symbol) [0x00007FF7530EBFC3]\nE       \t(No symbol) [0x00007FF7530B9617]\nE       \t(No symbol) [0x00007FF7530BA211]\nE       \tGetHandleVerifier [0x00007FF7535594AD+3301629]\nE       \tGetHandleVerifier [0x00007FF7535A36D3+3605283]\nE       \tGetHandleVerifier [0x00007FF753599450+3563680]\nE       \tGetHandleVerifier [0x00007FF7532F4326+790390]\nE       \t(No symbol) [0x00007FF7531C750F]\nE       \t(No symbol) [0x00007FF7531C3404]\nE       \t(No symbol) [0x00007FF7531C3592]\nE       \t(No symbol) [0x00007FF7531B2F9F]\nE       \tBaseThreadInitThunk [0x00007FFB62CD257D+29]\nE       \tRtlUserThreadStart [0x00007FFB64EEAA48+40]\n\n.venv\\Lib\\site-packages\\selenium\\webdriver\\support\\wait.py:105: TimeoutException"}, "description": "Создаём в фикстуре тестовый аккаунт, авторизуемся им в тесте, создаём заказ и проверяем, что этот заказ появился в рзделе \"В работе\". После проверки аккаунт удаляется в фикстуре", "steps": [{"name": "Инициализируем драйвер", "status": "passed", "parameters": [{"name": "driver", "value": "<selenium.webdriver.chrome.webdriver.WebDriver (session=\"7460e2050cb5c04a221e14d22d5d0930\")>"}], "start": 1718133747709, "stop": 1718133747709}, {"name": "Инициализируем драйвер", "status": "passed", "parameters": [{"name": "driver", "value": "<selenium.webdriver.chrome.webdriver.WebDriver (session=\"7460e2050cb5c04a221e14d22d5d0930\")>"}], "start": 1718133747709, "stop": 1718133747709}, {"name": "Инициализируем драйвер", "status": "passed", "parameters": [{"name": "driver", "value": "<selenium.webdriver.chrome.webdriver.WebDriver (session=\"7460e2050cb5c04a221e14d22d5d0930\")>"}], "start": 1718133747709, "stop": 1718133747709}, {"name": "Инициализируем драйвер", "status": "passed", "parameters": [{"name": "driver", "value": "<selenium.webdriver.chrome.webdriver.WebDriver (session=\"7460e2050cb5c04a221e14d22d5d0930\")>"}], "start": 1718133747710, "stop": 1718133747710}, {"name": "Жмём на кнопку \"Войти в аккаунт\"", "status": "passed", "start": 1718133747710, "stop": 1718133747744}, {"name": "Вводим емейл для авторизации", "status": "passed", "start": 1718133747745, "stop": 1718133747867}, {"name": "Вводим пароль для авторизации", "status": "passed", "start": 1718133747867, "stop": 1718133747956}, {"name": "Жмём кнопку \"Войти\"", "status": "passed", "start": 1718133747956, "stop": 1718133747977}, {"name": "Добавляем ингредиент в заказ", "status": "passed", "start": 1718133748493, "stop": 1718133748538}, {"name": "Жмём на кнопку создания заказа", "status": "passed", "start": 1718133748538, "stop": 1718133748563}, {"name": "Закрываем окно с созданным заказом", "status": "passed", "start": 1718133749112, "stop": 1718133749132}, {"name": "Жмём на кнопку \"Личный кабинет\"", "status": "passed", "start": 1718133749132, "stop": 1718133749159}, {"name": "Жмём на историю заказов в личном кабинете", "status": "passed", "start": 1718133749699, "stop": 1718133749725}, {"name": "Получаем номер созданного перед этим заказа", "status": "passed", "start": 1718133750262, "stop": 1718133750284}, {"name": "Жмём на кнопку ленты заказов", "status": "passed", "start": 1718133750285, "stop": 1718133750341}], "parameters": [{"name": "driver", "value": "'chrome'"}], "start": 1718133747709, "stop": 1718133775455, "uuid": "7607a884-f66a-4f1a-a5dd-0224afadb5ea", "historyId": "82cd158f223037de38fb4ff29d98567f", "testCaseId": "24d1502413fce6449630d8fca5938ed2", "fullName": "tests.test_order_page.TestOrderPage#test_order_in_work", "labels": [{"name": "parentSuite", "value": "tests"}, {"name": "suite", "value": "test_order_page"}, {"name": "subSuite", "value": "TestOrderPage"}, {"name": "host", "value": "Kotiki"}, {"name": "thread", "value": "1244-MainThread"}, {"name": "framework", "value": "pytest"}, {"name": "language", "value": "cpython3"}, {"name": "package", "value": "tests.test_order_page"}]}