{"name": "Проверка открытия деталей ингредиента", "status": "broken", "statusDetails": {"message": "selenium.common.exceptions.NoSuchElementException: Message: no such element: Unable to locate element: {\"method\":\"xpath\",\"selector\":\"//a[@href = '/ingredient/61c0c5a71d1f82001bdaaa6d']\"}\n  (Session info: chrome=125.0.6422.142); For documentation on this error, please visit: https://www.selenium.dev/documentation/webdriver/troubleshooting/errors#no-such-element-exception\nStacktrace:\n\tGetHandleVerifier [0x00007FF753241F52+60322]\n\t(No symbol) [0x00007FF7531BCEC9]\n\t(No symbol) [0x00007FF753077EBA]\n\t(No symbol) [0x00007FF7530C7676]\n\t(No symbol) [0x00007FF7530C773C]\n\t(No symbol) [0x00007FF75310E967]\n\t(No symbol) [0x00007FF7530EC25F]\n\t(No symbol) [0x00007FF75310BC80]\n\t(No symbol) [0x00007FF7530EBFC3]\n\t(No symbol) [0x00007FF7530B9617]\n\t(No symbol) [0x00007FF7530BA211]\n\tGetHandleVerifier [0x00007FF7535594AD+3301629]\n\tGetHandleVerifier [0x00007FF7535A36D3+3605283]\n\tGetHandleVerifier [0x00007FF753599450+3563680]\n\tGetHandleVerifier [0x00007FF7532F4326+790390]\n\t(No symbol) [0x00007FF7531C750F]\n\t(No symbol) [0x00007FF7531C3404]\n\t(No symbol) [0x00007FF7531C3592]\n\t(No symbol) [0x00007FF7531B2F9F]\n\tBaseThreadInitThunk [0x00007FFB62CD257D+29]\n\tRtlUserThreadStart [0x00007FFB64EEAA48+40]", "trace": "self = <test_home_page.TestHomePage object at 0x00000206CB7DADB0>, driver = <selenium.webdriver.chrome.webdriver.WebDriver (session=\"416ba74083eb252261fe26b019ed4751\")>\n\n    @allure.title('Проверка открытия деталей ингредиента')\n    @allure.description('Открываем детали ингредиента \"Флюоресцентная булка R2-D3\" на главной странице')\n    def test_click_ingredient(self, driver):\n        home_page = HomePage(driver)\n>       home_page.click_ingredient()\n\ntests\\test_home_page.py:47: \n_ _ _ _ _ _ _ _ _ _ _ _ _ _ _ _ _ _ _ _ _ _ _ _ _ _ _ _ _ _ _ _ _ _ _ _ _ _ _ _ _ _ _ _ _ _ _ _ _ _ _ _ _ _ _ _ _ _ _ _ _ _ _ _ _ _ _ _ _ _ _ _ _ _ _ _ _ _ _ _ _ _ _ _ _ _ _ _ _ _ _ _\npages\\home_page.py:33: in click_ingredient\n    ingredient = self.driver.find_element(*HomePageLocators.FLUORESCENT_BUN)\n.venv\\Lib\\site-packages\\selenium\\webdriver\\remote\\webdriver.py:741: in find_element\n    return self.execute(Command.FIND_ELEMENT, {\"using\": by, \"value\": value})[\"value\"]\n.venv\\Lib\\site-packages\\selenium\\webdriver\\remote\\webdriver.py:347: in execute\n    self.error_handler.check_response(response)\n_ _ _ _ _ _ _ _ _ _ _ _ _ _ _ _ _ _ _ _ _ _ _ _ _ _ _ _ _ _ _ _ _ _ _ _ _ _ _ _ _ _ _ _ _ _ _ _ _ _ _ _ _ _ _ _ _ _ _ _ _ _ _ _ _ _ _ _ _ _ _ _ _ _ _ _ _ _ _ _ _ _ _ _ _ _ _ _ _ _ _ _\n\nself = <selenium.webdriver.remote.errorhandler.ErrorHandler object at 0x00000206CB816750>\nresponse = {'status': 404, 'value': '{\"value\":{\"error\":\"no such element\",\"message\":\"no such element: Unable to locate element: {\\...07FF7531B2F9F]\\\\n\\\\tBaseThreadInitThunk [0x00007FFB62CD257D+29]\\\\n\\\\tRtlUserThreadStart [0x00007FFB64EEAA48+40]\\\\n\"}}'}\n\n    def check_response(self, response: Dict[str, Any]) -> None:\n        \"\"\"Checks that a JSON response from the WebDriver does not have an\n        error.\n    \n        :Args:\n         - response - The JSON response from the WebDriver server as a dictionary\n           object.\n    \n        :Raises: If the response contains an error message.\n        \"\"\"\n        status = response.get(\"status\", None)\n        if not status or status == ErrorCode.SUCCESS:\n            return\n        value = None\n        message = response.get(\"message\", \"\")\n        screen: str = response.get(\"screen\", \"\")\n        stacktrace = None\n        if isinstance(status, int):\n            value_json = response.get(\"value\", None)\n            if value_json and isinstance(value_json, str):\n                import json\n    \n                try:\n                    value = json.loads(value_json)\n                    if len(value) == 1:\n                        value = value[\"value\"]\n                    status = value.get(\"error\", None)\n                    if not status:\n                        status = value.get(\"status\", ErrorCode.UNKNOWN_ERROR)\n                        message = value.get(\"value\") or value.get(\"message\")\n                        if not isinstance(message, str):\n                            value = message\n                            message = message.get(\"message\")\n                    else:\n                        message = value.get(\"message\", None)\n                except ValueError:\n                    pass\n    \n        exception_class: Type[WebDriverException]\n        e = ErrorCode()\n        error_codes = [item for item in dir(e) if not item.startswith(\"__\")]\n        for error_code in error_codes:\n            error_info = getattr(ErrorCode, error_code)\n            if isinstance(error_info, list) and status in error_info:\n                exception_class = getattr(ExceptionMapping, error_code, WebDriverException)\n                break\n        else:\n            exception_class = WebDriverException\n    \n        if not value:\n            value = response[\"value\"]\n        if isinstance(value, str):\n            raise exception_class(value)\n        if message == \"\" and \"message\" in value:\n            message = value[\"message\"]\n    \n        screen = None  # type: ignore[assignment]\n        if \"screen\" in value:\n            screen = value[\"screen\"]\n    \n        stacktrace = None\n        st_value = value.get(\"stackTrace\") or value.get(\"stacktrace\")\n        if st_value:\n            if isinstance(st_value, str):\n                stacktrace = st_value.split(\"\\n\")\n            else:\n                stacktrace = []\n                try:\n                    for frame in st_value:\n                        line = frame.get(\"lineNumber\", \"\")\n                        file = frame.get(\"fileName\", \"<anonymous>\")\n                        if line:\n                            file = f\"{file}:{line}\"\n                        meth = frame.get(\"methodName\", \"<anonymous>\")\n                        if \"className\" in frame:\n                            meth = f\"{frame['className']}.{meth}\"\n                        msg = \"    at %s (%s)\"\n                        msg = msg % (meth, file)\n                        stacktrace.append(msg)\n                except TypeError:\n                    pass\n        if exception_class == UnexpectedAlertPresentException:\n            alert_text = None\n            if \"data\" in value:\n                alert_text = value[\"data\"].get(\"text\")\n            elif \"alert\" in value:\n                alert_text = value[\"alert\"].get(\"text\")\n            raise exception_class(message, screen, stacktrace, alert_text)  # type: ignore[call-arg]  # mypy is not smart enough here\n>       raise exception_class(message, screen, stacktrace)\nE       selenium.common.exceptions.NoSuchElementException: Message: no such element: Unable to locate element: {\"method\":\"xpath\",\"selector\":\"//a[@href = '/ingredient/61c0c5a71d1f82001bdaaa6d']\"}\nE         (Session info: chrome=125.0.6422.142); For documentation on this error, please visit: https://www.selenium.dev/documentation/webdriver/troubleshooting/errors#no-such-element-exception\nE       Stacktrace:\nE       \tGetHandleVerifier [0x00007FF753241F52+60322]\nE       \t(No symbol) [0x00007FF7531BCEC9]\nE       \t(No symbol) [0x00007FF753077EBA]\nE       \t(No symbol) [0x00007FF7530C7676]\nE       \t(No symbol) [0x00007FF7530C773C]\nE       \t(No symbol) [0x00007FF75310E967]\nE       \t(No symbol) [0x00007FF7530EC25F]\nE       \t(No symbol) [0x00007FF75310BC80]\nE       \t(No symbol) [0x00007FF7530EBFC3]\nE       \t(No symbol) [0x00007FF7530B9617]\nE       \t(No symbol) [0x00007FF7530BA211]\nE       \tGetHandleVerifier [0x00007FF7535594AD+3301629]\nE       \tGetHandleVerifier [0x00007FF7535A36D3+3605283]\nE       \tGetHandleVerifier [0x00007FF753599450+3563680]\nE       \tGetHandleVerifier [0x00007FF7532F4326+790390]\nE       \t(No symbol) [0x00007FF7531C750F]\nE       \t(No symbol) [0x00007FF7531C3404]\nE       \t(No symbol) [0x00007FF7531C3592]\nE       \t(No symbol) [0x00007FF7531B2F9F]\nE       \tBaseThreadInitThunk [0x00007FFB62CD257D+29]\nE       \tRtlUserThreadStart [0x00007FFB64EEAA48+40]\n\n.venv\\Lib\\site-packages\\selenium\\webdriver\\remote\\errorhandler.py:229: NoSuchElementException"}, "description": "Открываем детали ингредиента \"Флюоресцентная булка R2-D3\" на главной странице", "steps": [{"name": "Инициализируем драйвер", "status": "passed", "parameters": [{"name": "driver", "value": "<selenium.webdriver.chrome.webdriver.WebDriver (session=\"416ba74083eb252261fe26b019ed4751\")>"}], "start": 1718133463991, "stop": 1718133463991}, {"name": "Открываем окно с деталями ингредиента", "status": "broken", "statusDetails": {"message": "selenium.common.exceptions.NoSuchElementException: Message: no such element: Unable to locate element: {\"method\":\"xpath\",\"selector\":\"//a[@href = '/ingredient/61c0c5a71d1f82001bdaaa6d']\"}\n  (Session info: chrome=125.0.6422.142); For documentation on this error, please visit: https://www.selenium.dev/documentation/webdriver/troubleshooting/errors#no-such-element-exception\nStacktrace:\n\tGetHandleVerifier [0x00007FF753241F52+60322]\n\t(No symbol) [0x00007FF7531BCEC9]\n\t(No symbol) [0x00007FF753077EBA]\n\t(No symbol) [0x00007FF7530C7676]\n\t(No symbol) [0x00007FF7530C773C]\n\t(No symbol) [0x00007FF75310E967]\n\t(No symbol) [0x00007FF7530EC25F]\n\t(No symbol) [0x00007FF75310BC80]\n\t(No symbol) [0x00007FF7530EBFC3]\n\t(No symbol) [0x00007FF7530B9617]\n\t(No symbol) [0x00007FF7530BA211]\n\tGetHandleVerifier [0x00007FF7535594AD+3301629]\n\tGetHandleVerifier [0x00007FF7535A36D3+3605283]\n\tGetHandleVerifier [0x00007FF753599450+3563680]\n\tGetHandleVerifier [0x00007FF7532F4326+790390]\n\t(No symbol) [0x00007FF7531C750F]\n\t(No symbol) [0x00007FF7531C3404]\n\t(No symbol) [0x00007FF7531C3592]\n\t(No symbol) [0x00007FF7531B2F9F]\n\tBaseThreadInitThunk [0x00007FFB62CD257D+29]\n\tRtlUserThreadStart [0x00007FFB64EEAA48+40]\n\n", "trace": "  File \"C:\\Users\\Kat9r\\Desktop\\Diplom_Ekaterina_Chekryzhova_7\\Diplom_3\\.venv\\Lib\\site-packages\\allure_commons\\_allure.py\", line 192, in impl\n    return func(*a, **kw)\n           ^^^^^^^^^^^^^^\n  File \"C:\\Users\\Kat9r\\Desktop\\Diplom_Ekaterina_Chekryzhova_7\\Diplom_3\\pages\\home_page.py\", line 33, in click_ingredient\n    ingredient = self.driver.find_element(*HomePageLocators.FLUORESCENT_BUN)\n                 ^^^^^^^^^^^^^^^^^^^^^^^^^^^^^^^^^^^^^^^^^^^^^^^^^^^^^^^^^^^\n  File \"C:\\Users\\Kat9r\\Desktop\\Diplom_Ekaterina_Chekryzhova_7\\Diplom_3\\.venv\\Lib\\site-packages\\selenium\\webdriver\\remote\\webdriver.py\", line 741, in find_element\n    return self.execute(Command.FIND_ELEMENT, {\"using\": by, \"value\": value})[\"value\"]\n           ^^^^^^^^^^^^^^^^^^^^^^^^^^^^^^^^^^^^^^^^^^^^^^^^^^^^^^^^^^^^^^^^^\n  File \"C:\\Users\\Kat9r\\Desktop\\Diplom_Ekaterina_Chekryzhova_7\\Diplom_3\\.venv\\Lib\\site-packages\\selenium\\webdriver\\remote\\webdriver.py\", line 347, in execute\n    self.error_handler.check_response(response)\n  File \"C:\\Users\\Kat9r\\Desktop\\Diplom_Ekaterina_Chekryzhova_7\\Diplom_3\\.venv\\Lib\\site-packages\\selenium\\webdriver\\remote\\errorhandler.py\", line 229, in check_response\n    raise exception_class(message, screen, stacktrace)\n"}, "start": 1718133463991, "stop": 1718133464006}], "parameters": [{"name": "driver", "value": "'chrome'"}], "start": 1718133463991, "stop": 1718133464010, "uuid": "0937e45d-6f01-46a6-9b83-a817914311e1", "historyId": "2c42d0a86aa7cd011ae850d4545feb66", "testCaseId": "5d30c8403cea1a80886a055f69ef596a", "fullName": "tests.test_home_page.TestHomePage#test_click_ingredient", "labels": [{"name": "parentSuite", "value": "tests"}, {"name": "suite", "value": "test_home_page"}, {"name": "subSuite", "value": "TestHomePage"}, {"name": "host", "value": "Kotiki"}, {"name": "thread", "value": "1244-MainThread"}, {"name": "framework", "value": "pytest"}, {"name": "language", "value": "cpython3"}, {"name": "package", "value": "tests.test_home_page"}]}